\BOOKMARK [1][-]{section.1}{\376\377\000I\000N\000T\000R\000O\000D\000U\000C\000C\000I\000\323\000N}{}% 1
\BOOKMARK [2][-]{subsection.1.1}{\376\377\000P\000r\000e\000s\000e\000n\000t\000a\000c\000i\000\363\000n}{section.1}% 2
\BOOKMARK [2][-]{subsection.1.2}{\376\377\000O\000b\000j\000e\000t\000i\000v\000o\000\040\000d\000e\000\040\000l\000a\000\040\000P\000o\000l\000\355\000t\000i\000c\000a}{section.1}% 3
\BOOKMARK [2][-]{subsection.1.3}{\376\377\000\301\000m\000b\000i\000t\000o\000\040\000d\000e\000\040\000A\000p\000l\000i\000c\000a\000c\000i\000\363\000n}{section.1}% 4
\BOOKMARK [2][-]{subsection.1.4}{\376\377\000R\000e\000s\000p\000o\000n\000s\000a\000b\000l\000e}{section.1}% 5
\BOOKMARK [1][-]{section.2}{\376\377\000M\000A\000R\000C\000O\000\040\000L\000E\000G\000A\000L}{}% 6
\BOOKMARK [2][-]{subsection.2.1}{\376\377\000L\000e\000g\000i\000s\000l\000a\000c\000i\000\363\000n\000\040\000A\000p\000l\000i\000c\000a\000b\000l\000e}{section.2}% 7
\BOOKMARK [2][-]{subsection.2.2}{\376\377\000P\000r\000i\000n\000c\000i\000p\000i\000o\000s\000\040\000R\000e\000c\000t\000o\000r\000e\000s\000\040\000d\000e\000l\000\040\000T\000r\000a\000t\000a\000m\000i\000e\000n\000t\000o\000\040\000d\000e\000\040\000D\000a\000t\000o\000s}{section.2}% 8
\BOOKMARK [1][-]{section.3}{\376\377\000R\000E\000S\000P\000O\000N\000S\000A\000B\000L\000E\000\040\000D\000E\000L\000\040\000T\000R\000A\000T\000A\000M\000I\000E\000N\000T\000O\000\040\000Y\000\040\000T\000I\000P\000O\000S\000\040\000D\000E\000\040\000D\000A\000T\000O\000S\000\040\000T\000R\000A\000T\000A\000D\000O\000S}{}% 9
\BOOKMARK [2][-]{subsection.3.1}{\376\377\000R\000e\000s\000p\000o\000n\000s\000a\000b\000l\000e\000\040\000d\000e\000l\000\040\000T\000r\000a\000t\000a\000m\000i\000e\000n\000t\000o}{section.3}% 10
\BOOKMARK [2][-]{subsection.3.2}{\376\377\000T\000i\000p\000o\000s\000\040\000d\000e\000\040\000D\000a\000t\000o\000s\000\040\000T\000r\000a\000t\000a\000d\000o\000s}{section.3}% 11
\BOOKMARK [3][-]{subsubsection.3.2.1}{\376\377\000D\000a\000t\000o\000s\000\040\000R\000e\000c\000o\000p\000i\000l\000a\000d\000o\000s\000\040\000d\000e\000\040\000O\000f\000e\000r\000t\000a\000s\000\040\000d\000e\000\040\000E\000m\000p\000l\000e\000o\000\040\000P\000\372\000b\000l\000i\000c\000a\000s}{subsection.3.2}% 12
\BOOKMARK [3][-]{subsubsection.3.2.2}{\376\377\000D\000a\000t\000o\000s\000\040\000D\000e\000r\000i\000v\000a\000d\000o\000s\000\040\000d\000e\000l\000\040\000P\000r\000o\000c\000e\000s\000a\000m\000i\000e\000n\000t\000o}{subsection.3.2}% 13
\BOOKMARK [3][-]{subsubsection.3.2.3}{\376\377\000D\000a\000t\000o\000s\000\040\000S\000e\000n\000s\000i\000b\000l\000e\000s}{subsection.3.2}% 14
\BOOKMARK [1][-]{section.4}{\376\377\000F\000I\000N\000A\000L\000I\000D\000A\000D\000E\000S\000\040\000D\000E\000L\000\040\000T\000R\000A\000T\000A\000M\000I\000E\000N\000T\000O\000\040\000D\000E\000\040\000D\000A\000T\000O\000S\000\040\000Y\000\040\000D\000E\000R\000E\000C\000H\000O\000S\000\040\000D\000E\000\040\000L\000O\000S\000\040\000T\000I\000T\000U\000L\000A\000R\000E\000S}{}% 15
\BOOKMARK [2][-]{subsection.4.1}{\376\377\000F\000i\000n\000a\000l\000i\000d\000a\000d\000e\000s\000\040\000d\000e\000l\000\040\000T\000r\000a\000t\000a\000m\000i\000e\000n\000t\000o\000\040\000d\000e\000\040\000D\000a\000t\000o\000s}{section.4}% 16
\BOOKMARK [2][-]{subsection.4.2}{\376\377\000D\000e\000r\000e\000c\000h\000o\000s\000\040\000d\000e\000\040\000l\000o\000s\000\040\000T\000i\000t\000u\000l\000a\000r\000e\000s}{section.4}% 17
\BOOKMARK [1][-]{section.5}{\376\377\000M\000E\000D\000I\000D\000A\000S\000\040\000D\000E\000\040\000S\000E\000G\000U\000R\000I\000D\000A\000D\000\040\000Y\000\040\000T\000R\000A\000N\000S\000F\000E\000R\000E\000N\000C\000I\000A\000\040\000D\000E\000\040\000D\000A\000T\000O\000S}{}% 18
\BOOKMARK [2][-]{subsection.5.1}{\376\377\000M\000e\000d\000i\000d\000a\000s\000\040\000d\000e\000\040\000S\000e\000g\000u\000r\000i\000d\000a\000d}{section.5}% 19
\BOOKMARK [2][-]{subsection.5.2}{\376\377\000T\000r\000a\000n\000s\000f\000e\000r\000e\000n\000c\000i\000a\000\040\000y\000\040\000T\000r\000a\000n\000s\000m\000i\000s\000i\000\363\000n\000\040\000d\000e\000\040\000D\000a\000t\000o\000s}{section.5}% 20
\BOOKMARK [1][-]{section.6}{\376\377\000R\000E\000V\000O\000C\000A\000T\000O\000R\000I\000A\000\040\000D\000E\000\040\000A\000U\000T\000O\000R\000I\000Z\000A\000C\000I\000\323\000N\000\040\000Y\000\040\000S\000U\000P\000R\000E\000S\000I\000\323\000N\000\040\000D\000E\000\040\000D\000A\000T\000O\000S}{}% 21
\BOOKMARK [2][-]{subsection.6.1}{\376\377\000D\000e\000r\000e\000c\000h\000o\000\040\000a\000\040\000l\000a\000\040\000S\000u\000p\000r\000e\000s\000i\000\363\000n}{section.6}% 22
\BOOKMARK [2][-]{subsection.6.2}{\376\377\000P\000r\000o\000c\000e\000d\000i\000m\000i\000e\000n\000t\000o\000\040\000d\000e\000\040\000S\000o\000l\000i\000c\000i\000t\000u\000d}{section.6}% 23
\BOOKMARK [1][-]{section.7}{\376\377\000C\000O\000N\000S\000U\000L\000T\000A\000S\000\040\000Y\000\040\000R\000E\000C\000L\000A\000M\000O\000S}{}% 24
\BOOKMARK [2][-]{subsection.7.1}{\376\377\000C\000o\000n\000s\000u\000l\000t\000a\000s}{section.7}% 25
\BOOKMARK [2][-]{subsection.7.2}{\376\377\000R\000e\000c\000l\000a\000m\000o\000s}{section.7}% 26
\BOOKMARK [1][-]{section.8}{\376\377\000V\000I\000G\000E\000N\000C\000I\000A\000\040\000D\000E\000\040\000L\000A\000\040\000P\000O\000L\000\315\000T\000I\000C\000A\000\040\000Y\000\040\000A\000L\000M\000A\000C\000E\000N\000A\000M\000I\000E\000N\000T\000O\000\040\000D\000E\000\040\000L\000O\000S\000\040\000D\000A\000T\000O\000S}{}% 27
\BOOKMARK [2][-]{subsection.8.1}{\376\377\000V\000i\000g\000e\000n\000c\000i\000a}{section.8}% 28
\BOOKMARK [2][-]{subsection.8.2}{\376\377\000A\000l\000m\000a\000c\000e\000n\000a\000m\000i\000e\000n\000t\000o\000\040\000d\000e\000\040\000l\000o\000s\000\040\000D\000a\000t\000o\000s}{section.8}% 29
\BOOKMARK [2][-]{subsection.8.3}{\376\377\000N\000a\000t\000u\000r\000a\000l\000e\000z\000a\000\040\000d\000e\000\040\000l\000a\000\040\000I\000n\000f\000o\000r\000m\000a\000c\000i\000\363\000n\000\040\000R\000e\000c\000o\000p\000i\000l\000a\000d\000a}{section.8}% 30
