18:08:30 - INFO - ================================================================================
18:08:30 - INFO - CLUSTERING: MANUAL_300_PRE_EXP1
18:08:30 - INFO - ================================================================================
18:08:30 - INFO - 
================================================================================
18:08:30 - INFO - EXTRACTING SKILLS
18:08:30 - INFO - ================================================================================
/Users/nicocamacho/Documents/Tesis/observatorio-demanda-laboral/scripts/clustering_analysis.py:64: UserWarning: pandas only supports SQLAlchemy connectable (engine/connection) or database string URI or sqlite3 DBAPI2 connection. Other DBAPI2 objects are not tested. Please consider using SQLAlchemy.
  df = pd.read_sql_query(query, conn)
18:08:30 - INFO -    ✅ Extracted 2184 unique skills
18:08:30 - INFO -    Frequency range: 1 - 211
18:08:30 - INFO -    Total mentions: 7,848
18:08:30 - INFO - 
================================================================================
18:08:30 - INFO - FETCHING EMBEDDINGS
18:08:30 - INFO - ================================================================================
18:08:30 - INFO - Requesting embeddings for 2184 skills...
18:08:30 - INFO -    ✅ Found embeddings: 2184/2184
18:08:30 - INFO -    Coverage: 100.0%
18:08:30 - INFO - 
================================================================================
18:08:30 - INFO - RUNNING UMAP (src/analyzer/dimension_reducer.py)
18:08:30 - INFO - ================================================================================
18:08:30 - INFO - DimensionReducer initialized: n_components=2, n_neighbors=15, min_dist=0.1, metric=cosine
18:08:30 - INFO - Fitting UMAP on 2184 samples with 768 features
18:08:30 - INFO - Parameters: n_neighbors=15, min_dist=0.1, metric=cosine
/Users/nicocamacho/Documents/Tesis/observatorio-demanda-laboral/venv/lib/python3.11/site-packages/umap/umap_.py:1943: UserWarning: n_jobs value -1 overridden to 1 by setting random_state. Use no seed for parallelism.
  warn(f"n_jobs value {self.n_jobs} overridden to 1 by setting random_state. Use no seed for parallelism.")
UMAP(angular_rp_forest=True, metric='cosine', random_state=42, verbose=True)
Fri Nov  7 18:08:30 2025 Construct fuzzy simplicial set
Fri Nov  7 18:08:32 2025 Finding Nearest Neighbors
Fri Nov  7 18:08:33 2025 Finished Nearest Neighbor Search
Fri Nov  7 18:08:34 2025 Construct embedding
Epochs completed:   0%|            0/500 [00:00]Epochs completed:   0%|            1/500 [00:00]Epochs completed:   8%| ▊          38/500 [00:00]Epochs completed:  15%| █▍         74/500 [00:00]Epochs completed:  22%| ██▏        110/500 [00:00]Epochs completed:  29%| ██▉        146/500 [00:00]Epochs completed:  36%| ███▋       182/500 [00:00]Epochs completed:  44%| ████▎      218/500 [00:00]Epochs completed:  51%| █████      254/500 [00:00]Epochs completed:  58%| █████▊     290/500 [00:01]Epochs completed:  65%| ██████▌    326/500 [00:01]Epochs completed:  72%| ███████▏   362/500 [00:01]Epochs completed:  80%| ███████▉   398/500 [00:01]Epochs completed:  87%| ████████▋  434/500 [00:01]Epochs completed:  94%| █████████▍ 470/500 [00:01]Epochs completed: 100%| ██████████ 500/500 [00:01]
18:08:36 - INFO - UMAP transformation complete
18:08:36 - INFO - Output shape: (2184, 2)
18:08:36 - INFO - Coordinate ranges: X=[-0.51, 9.81], Y=[7.70, 15.07]
18:08:36 - INFO - 
================================================================================
18:08:36 - INFO - RUNNING HDBSCAN (src/analyzer/clustering.py)
18:08:36 - INFO - ================================================================================
18:08:36 - INFO - SkillClusterer initialized: min_cluster_size=5, min_samples=3, metric=euclidean
18:08:36 - INFO - Clustering 2184 samples in 2D space
18:08:36 - INFO - Parameters: min_cluster_size=5, min_samples=3
18:08:36 - INFO - Clustering complete
18:08:36 - INFO - Clusters detected: 146
18:08:36 - INFO - Noise points: 480 (22.0%)
18:08:36 - INFO - Cluster sizes: {5: 7, 3: 15, 49: 15, 46: 8, 127: 23, 104: 15, 17: 8, 121: 10, 118: 12, 116: 8, 0: 7, 83: 7, 87: 9, 36: 16, 76: 17, 84: 26, 14: 22, 20: 20, 43: 21, 51: 12, 27: 17, 57: 15, 22: 13, 111: 16, 71: 29, 114: 19, 61: 7, 56: 27, 112: 7, 115: 5, 119: 39, 44: 18, 67: 28, 24: 19, 45: 40, 82: 12, 60: 5, 132: 6, 142: 16, 30: 12, 26: 7, 80: 21, 141: 5, 54: 17, 48: 21, 123: 12, 140: 35, 40: 11, 9: 13, 70: 17, 120: 8, 81: 31, 50: 12, 130: 9, 79: 5, 110: 13, 86: 18, 91: 5, 122: 6, 109: 8, 126: 19, 134: 6, 124: 7, 7: 12, 55: 9, 145: 13, 34: 14, 136: 10, 29: 14, 78: 15, 94: 6, 33: 9, 77: 5, 107: 6, 47: 27, 6: 6, 52: 5, 73: 15, 35: 7, 131: 25, 69: 19, 133: 7, 8: 10, 4: 8, 97: 13, 19: 17, 100: 7, 93: 5, 58: 5, 37: 11, 1: 14, 42: 13, 59: 6, 32: 9, 103: 10, 99: 17, 96: 13, 95: 8, 12: 13, 113: 14, 98: 5, 39: 12, 10: 14, 13: 13, 53: 9, 65: 5, 63: 5, 66: 6, 11: 6, 72: 5, 106: 8, 25: 8, 28: 6, 128: 7, 138: 6, 105: 6, 62: 12, 41: 5, 129: 5, 85: 10, 108: 14, 139: 6, 144: 5, 125: 5, 18: 10, 64: 11, 117: 9, 16: 6, 102: 5, 2: 10, 101: 5, 88: 9, 90: 9, 75: 5, 21: 12, 137: 8, 74: 6, 143: 12, 89: 9, 92: 8, 23: 5, 135: 7, 68: 6, 31: 6, 15: 7, 38: 5}
18:08:36 - INFO - Quality metrics calculated:
18:08:36 - INFO -   Silhouette: 0.525
18:08:36 - INFO -   Davies-Bouldin: 0.543
18:08:36 - INFO - 
📊 Clustering Results:
18:08:36 - INFO -    Clusters: 146
18:08:36 - INFO -    Noise: 480 (22.0%)
18:08:36 - INFO -    Silhouette: 0.525
18:08:36 - INFO -    Davies-Bouldin: 0.543
18:08:36 - INFO - 
📊 Analyzing clusters...
18:08:36 - INFO - 
================================================================================
18:08:36 - INFO - EXTRACTING TEMPORAL DATA
18:08:36 - INFO - ================================================================================
/Users/nicocamacho/Documents/Tesis/observatorio-demanda-laboral/scripts/clustering_analysis.py:141: UserWarning: pandas only supports SQLAlchemy connectable (engine/connection) or database string URI or sqlite3 DBAPI2 connection. Other DBAPI2 objects are not tested. Please consider using SQLAlchemy.
  df = pd.read_sql_query(query, conn)
/Users/nicocamacho/Documents/Tesis/observatorio-demanda-laboral/scripts/clustering_analysis.py:145: UserWarning: Converting to PeriodArray/Index representation will drop timezone information.
  df['quarter_str'] = df['quarter'].dt.to_period('Q').astype(str)
18:08:36 - INFO -    ✅ Extracted temporal data
18:08:36 - INFO -    Quarters: 6
18:08:36 - INFO -    Date range: 2016Q2 - NaT
18:08:36 - INFO - 
================================================================================
18:08:36 - INFO - CREATING TEMPORAL MATRIX
18:08:36 - INFO - ================================================================================
18:08:36 - INFO -    ✅ Matrix shape: (6, 147)
18:08:36 - INFO - 
================================================================================
18:08:36 - INFO - GENERATING VISUALIZATIONS
18:08:36 - INFO - ================================================================================
18:08:36 - INFO - 
🎨 UMAP scatter plot...
18:08:37 - INFO -    ✅ Saved: umap_scatter.png
18:08:37 - INFO - 
🎨 Temporal heatmap...
18:08:37 - INFO -    ✅ Saved: temporal_heatmap.png
18:08:37 - INFO - 
🎨 Top clusters evolution...
18:08:38 - INFO -    ✅ Saved: top_clusters_evolution.png
18:08:38 - INFO - 
================================================================================
18:08:38 - INFO - SAVING RESULTS
18:08:38 - INFO - ================================================================================
18:08:38 - INFO -    ✅ results.json
18:08:38 - INFO -    ✅ temporal_matrix.csv
18:08:38 - INFO -    ✅ metrics_summary.json
18:08:38 - INFO - 
================================================================================
18:08:38 - INFO - ✅ CLUSTERING COMPLETE
18:08:38 - INFO - ================================================================================
18:08:38 - INFO -    Dataset: manual_300_pre_exp1
18:08:38 - INFO -    Skills: 2184
18:08:38 - INFO -    Clusters: 146
18:08:38 - INFO -    Silhouette: 0.525
18:08:38 - INFO -    Output: outputs/clustering/experiments/manual_300_pre/exp1_nn15_mcs5/
18:08:38 - INFO - ================================================================================
	completed  0  /  500 epochs
	completed  50  /  500 epochs
	completed  100  /  500 epochs
	completed  150  /  500 epochs
	completed  200  /  500 epochs
	completed  250  /  500 epochs
	completed  300  /  500 epochs
	completed  350  /  500 epochs
	completed  400  /  500 epochs
	completed  450  /  500 epochs
Fri Nov  7 18:08:36 2025 Finished embedding
