01:13:28 - INFO - ================================================================================
01:13:28 - INFO - CLUSTERING: MANUAL_300_POST_EXP1
01:13:28 - INFO - ================================================================================
01:13:28 - INFO - 
================================================================================
01:13:28 - INFO - EXTRACTING SKILLS
01:13:28 - INFO - ================================================================================
/Users/nicocamacho/Documents/Tesis/observatorio-demanda-laboral/scripts/clustering_analysis.py:64: UserWarning: pandas only supports SQLAlchemy connectable (engine/connection) or database string URI or sqlite3 DBAPI2 connection. Other DBAPI2 objects are not tested. Please consider using SQLAlchemy.
  df = pd.read_sql_query(query, conn)
01:13:29 - INFO -    ✅ Extracted 236 unique skills
01:13:29 - INFO -    Frequency range: 1 - 97
01:13:29 - INFO -    Total mentions: 2,117
01:13:29 - INFO - 
================================================================================
01:13:29 - INFO - FETCHING EMBEDDINGS
01:13:29 - INFO - ================================================================================
01:13:29 - INFO - Requesting embeddings for 236 skills...
01:13:29 - INFO -    ✅ Found embeddings: 236/236
01:13:29 - INFO -    Coverage: 100.0%
01:13:29 - INFO - 
================================================================================
01:13:29 - INFO - RUNNING UMAP (src/analyzer/dimension_reducer.py)
01:13:29 - INFO - ================================================================================
01:13:29 - INFO - DimensionReducer initialized: n_components=2, n_neighbors=15, min_dist=0.1, metric=cosine
01:13:29 - INFO - Fitting UMAP on 236 samples with 768 features
01:13:29 - INFO - Parameters: n_neighbors=15, min_dist=0.1, metric=cosine
/Users/nicocamacho/Documents/Tesis/observatorio-demanda-laboral/venv/lib/python3.11/site-packages/umap/umap_.py:1943: UserWarning: n_jobs value -1 overridden to 1 by setting random_state. Use no seed for parallelism.
  warn(f"n_jobs value {self.n_jobs} overridden to 1 by setting random_state. Use no seed for parallelism.")
UMAP(angular_rp_forest=True, metric='cosine', random_state=42, verbose=True)
Sat Nov  8 01:13:29 2025 Construct fuzzy simplicial set
Sat Nov  8 01:13:29 2025 Finding Nearest Neighbors
Sat Nov  8 01:13:30 2025 Finished Nearest Neighbor Search
Sat Nov  8 01:13:31 2025 Construct embedding
Epochs completed:   0%|            0/500 [00:00]Epochs completed:   0%|            1/500 [00:00]Epochs completed:  65%| ██████▌    325/500 [00:00]Epochs completed: 100%| ██████████ 500/500 [00:00]
01:13:31 - INFO - UMAP transformation complete
01:13:31 - INFO - Output shape: (236, 2)
01:13:31 - INFO - Coordinate ranges: X=[7.93, 13.01], Y=[-6.09, -0.28]
01:13:31 - INFO - 
================================================================================
01:13:31 - INFO - RUNNING HDBSCAN (src/analyzer/clustering.py)
01:13:31 - INFO - ================================================================================
01:13:31 - INFO - SkillClusterer initialized: min_cluster_size=5, min_samples=3, metric=euclidean
01:13:31 - INFO - Clustering 236 samples in 2D space
01:13:31 - INFO - Parameters: min_cluster_size=5, min_samples=3
01:13:31 - INFO - Clustering complete
01:13:31 - INFO - Clusters detected: 15
01:13:31 - INFO - Noise points: 70 (29.7%)
01:13:31 - INFO - Cluster sizes: {7: 11, 12: 5, 0: 28, 11: 8, 5: 13, 6: 22, 13: 12, 1: 11, 2: 11, 14: 17, 9: 5, 10: 6, 8: 6, 3: 6, 4: 5}
01:13:31 - INFO - Quality metrics calculated:
01:13:31 - INFO -   Silhouette: 0.494
01:13:31 - INFO -   Davies-Bouldin: 0.601
01:13:31 - INFO - 
📊 Clustering Results:
01:13:31 - INFO -    Clusters: 15
01:13:31 - INFO -    Noise: 70 (29.7%)
01:13:31 - INFO -    Silhouette: 0.494
01:13:31 - INFO -    Davies-Bouldin: 0.601
01:13:31 - INFO - 
📊 Analyzing clusters...
01:13:31 - INFO - 
================================================================================
01:13:31 - INFO - EXTRACTING TEMPORAL DATA
01:13:31 - INFO - ================================================================================
/Users/nicocamacho/Documents/Tesis/observatorio-demanda-laboral/scripts/clustering_analysis.py:141: UserWarning: pandas only supports SQLAlchemy connectable (engine/connection) or database string URI or sqlite3 DBAPI2 connection. Other DBAPI2 objects are not tested. Please consider using SQLAlchemy.
  df = pd.read_sql_query(query, conn)
/Users/nicocamacho/Documents/Tesis/observatorio-demanda-laboral/scripts/clustering_analysis.py:145: UserWarning: Converting to PeriodArray/Index representation will drop timezone information.
  df['quarter_str'] = df['quarter'].dt.to_period('Q').astype(str)
01:13:31 - INFO -    ✅ Extracted temporal data
01:13:31 - INFO -    Quarters: 5
01:13:31 - INFO -    Date range: 2016Q2 - 2025Q4
01:13:31 - INFO - 
================================================================================
01:13:31 - INFO - CREATING TEMPORAL MATRIX
01:13:31 - INFO - ================================================================================
01:13:31 - INFO -    ✅ Matrix shape: (5, 16)
01:13:31 - INFO - 
================================================================================
01:13:31 - INFO - GENERATING VISUALIZATIONS
01:13:31 - INFO - ================================================================================
01:13:31 - INFO - 
🎨 UMAP scatter plot...
01:13:32 - INFO -    ✅ Saved: umap_scatter.png
01:13:32 - INFO - 
🎨 Temporal heatmap...
01:13:32 - INFO -    ✅ Saved: temporal_heatmap.png
01:13:32 - INFO - 
🎨 Top clusters evolution...
01:13:33 - INFO -    ✅ Saved: top_clusters_evolution.png
01:13:33 - INFO - 
================================================================================
01:13:33 - INFO - SAVING RESULTS
01:13:33 - INFO - ================================================================================
01:13:33 - INFO -    ✅ results.json
01:13:33 - INFO -    ✅ temporal_matrix.csv
01:13:33 - INFO -    ✅ metrics_summary.json
01:13:33 - INFO - 
================================================================================
01:13:33 - INFO - ✅ CLUSTERING COMPLETE
01:13:33 - INFO - ================================================================================
01:13:33 - INFO -    Dataset: manual_300_post_exp1
01:13:33 - INFO -    Skills: 236
01:13:33 - INFO -    Clusters: 15
01:13:33 - INFO -    Silhouette: 0.494
01:13:33 - INFO -    Output: outputs/clustering/experiments/manual_300_post/exp1_nn15_mcs5/
01:13:33 - INFO - ================================================================================
	completed  0  /  500 epochs
	completed  50  /  500 epochs
	completed  100  /  500 epochs
	completed  150  /  500 epochs
	completed  200  /  500 epochs
	completed  250  /  500 epochs
	completed  300  /  500 epochs
	completed  350  /  500 epochs
	completed  400  /  500 epochs
	completed  450  /  500 epochs
Sat Nov  8 01:13:31 2025 Finished embedding
