18:09:39 - INFO - ================================================================================
18:09:39 - INFO - CLUSTERING: MANUAL_300_PRE_EXP3
18:09:39 - INFO - ================================================================================
18:09:39 - INFO - 
================================================================================
18:09:39 - INFO - EXTRACTING SKILLS
18:09:39 - INFO - ================================================================================
/Users/nicocamacho/Documents/Tesis/observatorio-demanda-laboral/scripts/clustering_analysis.py:64: UserWarning: pandas only supports SQLAlchemy connectable (engine/connection) or database string URI or sqlite3 DBAPI2 connection. Other DBAPI2 objects are not tested. Please consider using SQLAlchemy.
  df = pd.read_sql_query(query, conn)
18:09:39 - INFO -    ✅ Extracted 2184 unique skills
18:09:39 - INFO -    Frequency range: 1 - 211
18:09:39 - INFO -    Total mentions: 7,848
18:09:39 - INFO - 
================================================================================
18:09:39 - INFO - FETCHING EMBEDDINGS
18:09:39 - INFO - ================================================================================
18:09:39 - INFO - Requesting embeddings for 2184 skills...
18:09:39 - INFO -    ✅ Found embeddings: 2184/2184
18:09:39 - INFO -    Coverage: 100.0%
18:09:39 - INFO - 
================================================================================
18:09:39 - INFO - RUNNING UMAP (src/analyzer/dimension_reducer.py)
18:09:39 - INFO - ================================================================================
18:09:39 - INFO - DimensionReducer initialized: n_components=2, n_neighbors=15, min_dist=0.1, metric=cosine
18:09:39 - INFO - Fitting UMAP on 2184 samples with 768 features
18:09:39 - INFO - Parameters: n_neighbors=15, min_dist=0.1, metric=cosine
/Users/nicocamacho/Documents/Tesis/observatorio-demanda-laboral/venv/lib/python3.11/site-packages/umap/umap_.py:1943: UserWarning: n_jobs value -1 overridden to 1 by setting random_state. Use no seed for parallelism.
  warn(f"n_jobs value {self.n_jobs} overridden to 1 by setting random_state. Use no seed for parallelism.")
UMAP(angular_rp_forest=True, metric='cosine', random_state=42, verbose=True)
Fri Nov  7 18:09:39 2025 Construct fuzzy simplicial set
Fri Nov  7 18:09:41 2025 Finding Nearest Neighbors
Fri Nov  7 18:09:42 2025 Finished Nearest Neighbor Search
Fri Nov  7 18:09:43 2025 Construct embedding
Epochs completed:   0%|            0/500 [00:00]Epochs completed:   0%|            1/500 [00:00]Epochs completed:   8%| ▊          38/500 [00:00]Epochs completed:  15%| █▍         74/500 [00:00]Epochs completed:  22%| ██▏        110/500 [00:00]Epochs completed:  29%| ██▉        146/500 [00:00]Epochs completed:  36%| ███▋       182/500 [00:00]Epochs completed:  44%| ████▎      218/500 [00:00]Epochs completed:  51%| █████      254/500 [00:00]Epochs completed:  58%| █████▊     290/500 [00:01]Epochs completed:  65%| ██████▌    325/500 [00:01]Epochs completed:  72%| ███████▏   360/500 [00:01]Epochs completed:  79%| ███████▉   396/500 [00:01]Epochs completed:  86%| ████████▌  431/500 [00:01]Epochs completed:  93%| █████████▎ 467/500 [00:01]Epochs completed: 100%| ██████████ 500/500 [00:01]
18:09:45 - INFO - UMAP transformation complete
18:09:45 - INFO - Output shape: (2184, 2)
18:09:45 - INFO - Coordinate ranges: X=[-0.51, 9.81], Y=[7.70, 15.07]
18:09:45 - INFO - 
================================================================================
18:09:45 - INFO - RUNNING HDBSCAN (src/analyzer/clustering.py)
18:09:45 - INFO - ================================================================================
18:09:45 - INFO - SkillClusterer initialized: min_cluster_size=15, min_samples=5, metric=euclidean
18:09:45 - INFO - Clustering 2184 samples in 2D space
18:09:45 - INFO - Parameters: min_cluster_size=15, min_samples=5
18:09:45 - INFO - Clustering complete
18:09:45 - INFO - Clusters detected: 2
18:09:45 - INFO - Noise points: 21 (1.0%)
18:09:45 - INFO - Cluster sizes: {0: 39, 1: 2124}
18:09:45 - INFO - Quality metrics calculated:
18:09:45 - INFO -   Silhouette: 0.256
18:09:45 - INFO -   Davies-Bouldin: 0.567
18:09:45 - INFO - 
📊 Clustering Results:
18:09:45 - INFO -    Clusters: 2
18:09:45 - INFO -    Noise: 21 (1.0%)
18:09:45 - INFO -    Silhouette: 0.256
18:09:45 - INFO -    Davies-Bouldin: 0.567
18:09:45 - INFO - 
📊 Analyzing clusters...
18:09:45 - INFO - 
================================================================================
18:09:45 - INFO - EXTRACTING TEMPORAL DATA
18:09:45 - INFO - ================================================================================
/Users/nicocamacho/Documents/Tesis/observatorio-demanda-laboral/scripts/clustering_analysis.py:141: UserWarning: pandas only supports SQLAlchemy connectable (engine/connection) or database string URI or sqlite3 DBAPI2 connection. Other DBAPI2 objects are not tested. Please consider using SQLAlchemy.
  df = pd.read_sql_query(query, conn)
/Users/nicocamacho/Documents/Tesis/observatorio-demanda-laboral/scripts/clustering_analysis.py:145: UserWarning: Converting to PeriodArray/Index representation will drop timezone information.
  df['quarter_str'] = df['quarter'].dt.to_period('Q').astype(str)
18:09:45 - INFO -    ✅ Extracted temporal data
18:09:45 - INFO -    Quarters: 6
18:09:45 - INFO -    Date range: 2016Q2 - NaT
18:09:45 - INFO - 
================================================================================
18:09:45 - INFO - CREATING TEMPORAL MATRIX
18:09:45 - INFO - ================================================================================
18:09:45 - INFO -    ✅ Matrix shape: (6, 3)
18:09:45 - INFO - 
================================================================================
18:09:45 - INFO - GENERATING VISUALIZATIONS
18:09:45 - INFO - ================================================================================
18:09:45 - INFO - 
🎨 UMAP scatter plot...
18:09:45 - INFO -    ✅ Saved: umap_scatter.png
18:09:45 - INFO - 
🎨 Temporal heatmap...
18:09:46 - INFO -    ✅ Saved: temporal_heatmap.png
18:09:46 - INFO - 
🎨 Top clusters evolution...
18:09:46 - INFO -    ✅ Saved: top_clusters_evolution.png
18:09:46 - INFO - 
================================================================================
18:09:46 - INFO - SAVING RESULTS
18:09:46 - INFO - ================================================================================
18:09:46 - INFO -    ✅ results.json
18:09:46 - INFO -    ✅ temporal_matrix.csv
18:09:46 - INFO -    ✅ metrics_summary.json
18:09:46 - INFO - 
================================================================================
18:09:46 - INFO - ✅ CLUSTERING COMPLETE
18:09:46 - INFO - ================================================================================
18:09:46 - INFO -    Dataset: manual_300_pre_exp3
18:09:46 - INFO -    Skills: 2184
18:09:46 - INFO -    Clusters: 2
18:09:46 - INFO -    Silhouette: 0.256
18:09:46 - INFO -    Output: outputs/clustering/experiments/manual_300_pre/exp3_nn15_mcs15/
18:09:46 - INFO - ================================================================================
	completed  0  /  500 epochs
	completed  50  /  500 epochs
	completed  100  /  500 epochs
	completed  150  /  500 epochs
	completed  200  /  500 epochs
	completed  250  /  500 epochs
	completed  300  /  500 epochs
	completed  350  /  500 epochs
	completed  400  /  500 epochs
	completed  450  /  500 epochs
Fri Nov  7 18:09:45 2025 Finished embedding
