01:14:07 - INFO - ================================================================================
01:14:07 - INFO - CLUSTERING: PIPELINE_A_300_PRE_EXP2
01:14:07 - INFO - ================================================================================
01:14:07 - INFO - 
================================================================================
01:14:07 - INFO - EXTRACTING SKILLS
01:14:07 - INFO - ================================================================================
/Users/nicocamacho/Documents/Tesis/observatorio-demanda-laboral/scripts/clustering_analysis.py:64: UserWarning: pandas only supports SQLAlchemy connectable (engine/connection) or database string URI or sqlite3 DBAPI2 connection. Other DBAPI2 objects are not tested. Please consider using SQLAlchemy.
  df = pd.read_sql_query(query, conn)
01:14:07 - INFO -    ✅ Extracted 6413 unique skills
01:14:07 - INFO -    Frequency range: 1 - 129
01:14:07 - INFO -    Total mentions: 14,987
01:14:07 - INFO - 
================================================================================
01:14:07 - INFO - FETCHING EMBEDDINGS
01:14:07 - INFO - ================================================================================
01:14:07 - INFO - Requesting embeddings for 6413 skills...
01:14:08 - INFO -    ✅ Found embeddings: 1314/6413
01:14:08 - INFO -    Coverage: 20.5%
01:14:08 - WARNING -    ⚠️  Missing 5099 skills
01:14:08 - INFO -    Using 1314 skills with embeddings
01:14:08 - INFO - 
================================================================================
01:14:08 - INFO - RUNNING UMAP (src/analyzer/dimension_reducer.py)
01:14:08 - INFO - ================================================================================
01:14:08 - INFO - DimensionReducer initialized: n_components=2, n_neighbors=15, min_dist=0.1, metric=cosine
01:14:08 - INFO - Fitting UMAP on 1314 samples with 768 features
01:14:08 - INFO - Parameters: n_neighbors=15, min_dist=0.1, metric=cosine
/Users/nicocamacho/Documents/Tesis/observatorio-demanda-laboral/venv/lib/python3.11/site-packages/umap/umap_.py:1943: UserWarning: n_jobs value -1 overridden to 1 by setting random_state. Use no seed for parallelism.
  warn(f"n_jobs value {self.n_jobs} overridden to 1 by setting random_state. Use no seed for parallelism.")
UMAP(angular_rp_forest=True, metric='cosine', random_state=42, verbose=True)
Sat Nov  8 01:14:08 2025 Construct fuzzy simplicial set
Sat Nov  8 01:14:08 2025 Finding Nearest Neighbors
Sat Nov  8 01:14:10 2025 Finished Nearest Neighbor Search
Sat Nov  8 01:14:11 2025 Construct embedding
Epochs completed:   0%|            0/500 [00:00]Epochs completed:   0%|            1/500 [00:00]Epochs completed:  12%| █▏         60/500 [00:00]Epochs completed:  24%| ██▎        118/500 [00:00]Epochs completed:  35%| ███▌       175/500 [00:00]Epochs completed:  47%| ████▋      234/500 [00:00]Epochs completed:  59%| █████▊     293/500 [00:00]Epochs completed:  70%| ███████    352/500 [00:00]Epochs completed:  82%| ████████▏  411/500 [00:00]Epochs completed:  94%| █████████▍ 470/500 [00:01]Epochs completed: 100%| ██████████ 500/500 [00:01]
01:14:12 - INFO - UMAP transformation complete
01:14:12 - INFO - Output shape: (1314, 2)
01:14:12 - INFO - Coordinate ranges: X=[2.76, 11.35], Y=[-5.41, 2.68]
01:14:12 - INFO - 
================================================================================
01:14:12 - INFO - RUNNING HDBSCAN (src/analyzer/clustering.py)
01:14:12 - INFO - ================================================================================
01:14:12 - INFO - SkillClusterer initialized: min_cluster_size=10, min_samples=5, metric=euclidean
01:14:12 - INFO - Clustering 1314 samples in 2D space
01:14:12 - INFO - Parameters: min_cluster_size=10, min_samples=5
01:14:12 - INFO - Clustering complete
01:14:12 - INFO - Clusters detected: 42
01:14:12 - INFO - Noise points: 368 (28.0%)
01:14:12 - INFO - Cluster sizes: {33: 27, 16: 56, 34: 14, 1: 12, 22: 32, 35: 11, 9: 89, 17: 20, 18: 26, 28: 24, 5: 21, 37: 14, 14: 70, 39: 29, 15: 33, 4: 26, 8: 15, 10: 11, 13: 19, 0: 17, 7: 16, 11: 22, 31: 11, 20: 20, 30: 13, 29: 15, 36: 18, 32: 31, 40: 17, 26: 13, 23: 11, 12: 14, 3: 14, 6: 31, 27: 17, 24: 14, 41: 17, 38: 21, 2: 13, 25: 28, 19: 11, 21: 13}
01:14:12 - INFO - Quality metrics calculated:
01:14:12 - INFO -   Silhouette: 0.486
01:14:12 - INFO -   Davies-Bouldin: 0.598
01:14:12 - INFO - 
📊 Clustering Results:
01:14:12 - INFO -    Clusters: 42
01:14:12 - INFO -    Noise: 368 (28.0%)
01:14:12 - INFO -    Silhouette: 0.486
01:14:12 - INFO -    Davies-Bouldin: 0.598
01:14:12 - INFO - 
📊 Analyzing clusters...
01:14:12 - INFO - 
================================================================================
01:14:12 - INFO - EXTRACTING TEMPORAL DATA
01:14:12 - INFO - ================================================================================
/Users/nicocamacho/Documents/Tesis/observatorio-demanda-laboral/scripts/clustering_analysis.py:141: UserWarning: pandas only supports SQLAlchemy connectable (engine/connection) or database string URI or sqlite3 DBAPI2 connection. Other DBAPI2 objects are not tested. Please consider using SQLAlchemy.
  df = pd.read_sql_query(query, conn)
/Users/nicocamacho/Documents/Tesis/observatorio-demanda-laboral/scripts/clustering_analysis.py:145: UserWarning: Converting to PeriodArray/Index representation will drop timezone information.
  df['quarter_str'] = df['quarter'].dt.to_period('Q').astype(str)
01:14:12 - INFO -    ✅ Extracted temporal data
01:14:12 - INFO -    Quarters: 5
01:14:12 - INFO -    Date range: 2016Q2 - 2025Q4
01:14:12 - INFO - 
================================================================================
01:14:12 - INFO - CREATING TEMPORAL MATRIX
01:14:12 - INFO - ================================================================================
01:14:12 - INFO -    ✅ Matrix shape: (5, 43)
01:14:12 - INFO - 
================================================================================
01:14:12 - INFO - GENERATING VISUALIZATIONS
01:14:12 - INFO - ================================================================================
01:14:12 - INFO - 
🎨 UMAP scatter plot...
01:14:13 - INFO -    ✅ Saved: umap_scatter.png
01:14:13 - INFO - 
🎨 Temporal heatmap...
01:14:13 - INFO -    ✅ Saved: temporal_heatmap.png
01:14:13 - INFO - 
🎨 Top clusters evolution...
01:14:14 - INFO -    ✅ Saved: top_clusters_evolution.png
01:14:14 - INFO - 
================================================================================
01:14:14 - INFO - SAVING RESULTS
01:14:14 - INFO - ================================================================================
01:14:14 - INFO -    ✅ results.json
01:14:14 - INFO -    ✅ temporal_matrix.csv
01:14:14 - INFO -    ✅ metrics_summary.json
01:14:14 - INFO - 
================================================================================
01:14:14 - INFO - ✅ CLUSTERING COMPLETE
01:14:14 - INFO - ================================================================================
01:14:14 - INFO -    Dataset: pipeline_a_300_pre_exp2
01:14:14 - INFO -    Skills: 1314
01:14:14 - INFO -    Clusters: 42
01:14:14 - INFO -    Silhouette: 0.486
01:14:14 - INFO -    Output: outputs/clustering/experiments/pipeline_a_300_pre/exp2_nn15_mcs10/
01:14:14 - INFO - ================================================================================
	completed  0  /  500 epochs
	completed  50  /  500 epochs
	completed  100  /  500 epochs
	completed  150  /  500 epochs
	completed  200  /  500 epochs
	completed  250  /  500 epochs
	completed  300  /  500 epochs
	completed  350  /  500 epochs
	completed  400  /  500 epochs
	completed  450  /  500 epochs
Sat Nov  8 01:14:12 2025 Finished embedding
