18:07:48 - INFO - ================================================================================
18:07:48 - INFO - CLUSTERING: PIPELINE_B_300_PRE_EXP3
18:07:48 - INFO - ================================================================================
18:07:48 - INFO - 
================================================================================
18:07:48 - INFO - EXTRACTING SKILLS
18:07:48 - INFO - ================================================================================
/Users/nicocamacho/Documents/Tesis/observatorio-demanda-laboral/scripts/clustering_analysis.py:64: UserWarning: pandas only supports SQLAlchemy connectable (engine/connection) or database string URI or sqlite3 DBAPI2 connection. Other DBAPI2 objects are not tested. Please consider using SQLAlchemy.
  df = pd.read_sql_query(query, conn)
18:07:48 - INFO -    ✅ Extracted 1780 unique skills
18:07:48 - INFO -    Frequency range: 1 - 202
18:07:48 - INFO -    Total mentions: 6,788
18:07:48 - INFO - 
================================================================================
18:07:48 - INFO - FETCHING EMBEDDINGS
18:07:48 - INFO - ================================================================================
18:07:48 - INFO - Requesting embeddings for 1780 skills...
18:07:48 - INFO -    ✅ Found embeddings: 1780/1780
18:07:48 - INFO -    Coverage: 100.0%
18:07:48 - INFO - 
================================================================================
18:07:48 - INFO - RUNNING UMAP (src/analyzer/dimension_reducer.py)
18:07:48 - INFO - ================================================================================
18:07:48 - INFO - DimensionReducer initialized: n_components=2, n_neighbors=15, min_dist=0.1, metric=cosine
18:07:48 - INFO - Fitting UMAP on 1780 samples with 768 features
18:07:48 - INFO - Parameters: n_neighbors=15, min_dist=0.1, metric=cosine
/Users/nicocamacho/Documents/Tesis/observatorio-demanda-laboral/venv/lib/python3.11/site-packages/umap/umap_.py:1943: UserWarning: n_jobs value -1 overridden to 1 by setting random_state. Use no seed for parallelism.
  warn(f"n_jobs value {self.n_jobs} overridden to 1 by setting random_state. Use no seed for parallelism.")
UMAP(angular_rp_forest=True, metric='cosine', random_state=42, verbose=True)
Fri Nov  7 18:07:48 2025 Construct fuzzy simplicial set
Fri Nov  7 18:07:49 2025 Finding Nearest Neighbors
Fri Nov  7 18:07:51 2025 Finished Nearest Neighbor Search
Fri Nov  7 18:07:51 2025 Construct embedding
Epochs completed:   0%|            0/500 [00:00]Epochs completed:   0%|            1/500 [00:00]Epochs completed:   9%| ▉          47/500 [00:00]Epochs completed:  18%| █▊         91/500 [00:00]Epochs completed:  27%| ██▋        135/500 [00:00]Epochs completed:  36%| ███▌       178/500 [00:00]Epochs completed:  44%| ████▍      221/500 [00:00]Epochs completed:  53%| █████▎     265/500 [00:00]Epochs completed:  62%| ██████▏    309/500 [00:00]Epochs completed:  71%| ███████    353/500 [00:01]Epochs completed:  79%| ███████▉   397/500 [00:01]Epochs completed:  88%| ████████▊  441/500 [00:01]Epochs completed:  97%| █████████▋ 485/500 [00:01]Epochs completed: 100%| ██████████ 500/500 [00:01]
18:07:53 - INFO - UMAP transformation complete
18:07:53 - INFO - Output shape: (1780, 2)
18:07:53 - INFO - Coordinate ranges: X=[0.73, 9.29], Y=[6.26, 13.72]
18:07:53 - INFO - 
================================================================================
18:07:53 - INFO - RUNNING HDBSCAN (src/analyzer/clustering.py)
18:07:53 - INFO - ================================================================================
18:07:53 - INFO - SkillClusterer initialized: min_cluster_size=15, min_samples=5, metric=euclidean
18:07:53 - INFO - Clustering 1780 samples in 2D space
18:07:53 - INFO - Parameters: min_cluster_size=15, min_samples=5
18:07:53 - INFO - Clustering complete
18:07:53 - INFO - Clusters detected: 28
18:07:53 - INFO - Noise points: 474 (26.6%)
18:07:53 - INFO - Cluster sizes: {26: 57, 24: 96, 13: 20, 18: 22, 25: 163, 27: 39, 4: 158, 1: 18, 17: 50, 23: 52, 16: 21, 12: 57, 8: 54, 5: 19, 0: 15, 22: 72, 15: 21, 19: 22, 3: 16, 2: 15, 20: 22, 10: 104, 9: 18, 21: 63, 14: 32, 7: 47, 6: 18, 11: 15}
18:07:53 - INFO - Quality metrics calculated:
18:07:53 - INFO -   Silhouette: 0.370
18:07:53 - INFO -   Davies-Bouldin: 0.744
18:07:53 - INFO - 
📊 Clustering Results:
18:07:53 - INFO -    Clusters: 28
18:07:53 - INFO -    Noise: 474 (26.6%)
18:07:53 - INFO -    Silhouette: 0.370
18:07:53 - INFO -    Davies-Bouldin: 0.744
18:07:53 - INFO - 
📊 Analyzing clusters...
18:07:53 - INFO - 
================================================================================
18:07:53 - INFO - EXTRACTING TEMPORAL DATA
18:07:53 - INFO - ================================================================================
/Users/nicocamacho/Documents/Tesis/observatorio-demanda-laboral/scripts/clustering_analysis.py:141: UserWarning: pandas only supports SQLAlchemy connectable (engine/connection) or database string URI or sqlite3 DBAPI2 connection. Other DBAPI2 objects are not tested. Please consider using SQLAlchemy.
  df = pd.read_sql_query(query, conn)
/Users/nicocamacho/Documents/Tesis/observatorio-demanda-laboral/scripts/clustering_analysis.py:145: UserWarning: Converting to PeriodArray/Index representation will drop timezone information.
  df['quarter_str'] = df['quarter'].dt.to_period('Q').astype(str)
18:07:53 - INFO -    ✅ Extracted temporal data
18:07:53 - INFO -    Quarters: 6
18:07:53 - INFO -    Date range: 2016Q2 - NaT
18:07:53 - INFO - 
================================================================================
18:07:53 - INFO - CREATING TEMPORAL MATRIX
18:07:53 - INFO - ================================================================================
18:07:53 - INFO -    ✅ Matrix shape: (6, 29)
18:07:53 - INFO - 
================================================================================
18:07:53 - INFO - GENERATING VISUALIZATIONS
18:07:53 - INFO - ================================================================================
18:07:53 - INFO - 
🎨 UMAP scatter plot...
18:07:53 - INFO -    ✅ Saved: umap_scatter.png
18:07:53 - INFO - 
🎨 Temporal heatmap...
18:07:54 - INFO -    ✅ Saved: temporal_heatmap.png
18:07:54 - INFO - 
🎨 Top clusters evolution...
18:07:55 - INFO -    ✅ Saved: top_clusters_evolution.png
18:07:55 - INFO - 
================================================================================
18:07:55 - INFO - SAVING RESULTS
18:07:55 - INFO - ================================================================================
18:07:55 - INFO -    ✅ results.json
18:07:55 - INFO -    ✅ temporal_matrix.csv
18:07:55 - INFO -    ✅ metrics_summary.json
18:07:55 - INFO - 
================================================================================
18:07:55 - INFO - ✅ CLUSTERING COMPLETE
18:07:55 - INFO - ================================================================================
18:07:55 - INFO -    Dataset: pipeline_b_300_pre_exp3
18:07:55 - INFO -    Skills: 1780
18:07:55 - INFO -    Clusters: 28
18:07:55 - INFO -    Silhouette: 0.370
18:07:55 - INFO -    Output: outputs/clustering/experiments/pipeline_b_300_pre/exp3_nn15_mcs15/
18:07:55 - INFO - ================================================================================
	completed  0  /  500 epochs
	completed  50  /  500 epochs
	completed  100  /  500 epochs
	completed  150  /  500 epochs
	completed  200  /  500 epochs
	completed  250  /  500 epochs
	completed  300  /  500 epochs
	completed  350  /  500 epochs
	completed  400  /  500 epochs
	completed  450  /  500 epochs
Fri Nov  7 18:07:53 2025 Finished embedding
