\BOOKMARK [0][-]{chapter*.1}{\376\377\000P\000r\000e\000f\000a\000c\000i\000o}{}% 1
\BOOKMARK [0][-]{chapter*.2}{\376\377\000H\000i\000s\000t\000o\000r\000i\000a\000l\000\040\000d\000e\000\040\000C\000a\000m\000b\000i\000o\000s}{}% 2
\BOOKMARK [0][-]{chapter.1}{\376\377\000V\000i\000s\000t\000a\000\040\000G\000e\000n\000e\000r\000a\000l\000\040\000d\000e\000l\000\040\000P\000r\000o\000y\000e\000c\000t\000o}{}% 3
\BOOKMARK [1][-]{section.1.1}{\376\377\000V\000i\000s\000i\000\363\000n\000\040\000d\000e\000l\000\040\000P\000r\000o\000d\000u\000c\000t\000o}{chapter.1}% 4
\BOOKMARK [1][-]{section.1.2}{\376\377\000P\000r\000o\000p\000\363\000s\000i\000t\000o\000,\000\040\000A\000l\000c\000a\000n\000c\000e\000\040\000y\000\040\000O\000b\000j\000e\000t\000i\000v\000o\000s}{chapter.1}% 5
\BOOKMARK [2][-]{subsection.1.2.1}{\376\377\000P\000r\000o\000p\000\363\000s\000i\000t\000o}{section.1.2}% 6
\BOOKMARK [2][-]{subsection.1.2.2}{\376\377\000A\000l\000c\000a\000n\000c\000e}{section.1.2}% 7
\BOOKMARK [2][-]{subsection.1.2.3}{\376\377\000O\000b\000j\000e\000t\000i\000v\000o\000\040\000g\000e\000n\000e\000r\000a\000l}{section.1.2}% 8
\BOOKMARK [2][-]{subsection.1.2.4}{\376\377\000O\000b\000j\000e\000t\000i\000v\000o\000s\000\040\000E\000s\000p\000e\000c\000\355\000f\000i\000c\000o\000s}{section.1.2}% 9
\BOOKMARK [1][-]{section.1.3}{\376\377\000S\000u\000p\000u\000e\000s\000t\000o\000s\000\040\000y\000\040\000R\000e\000s\000t\000r\000i\000c\000c\000i\000o\000n\000e\000s}{chapter.1}% 10
\BOOKMARK [2][-]{subsection.1.3.1}{\376\377\000S\000u\000p\000u\000e\000s\000t\000o\000s}{section.1.3}% 11
\BOOKMARK [2][-]{subsection.1.3.2}{\376\377\000R\000e\000s\000t\000r\000i\000c\000c\000i\000o\000n\000e\000s}{section.1.3}% 12
\BOOKMARK [1][-]{section.1.4}{\376\377\000E\000n\000t\000r\000e\000g\000a\000b\000l\000e\000s}{chapter.1}% 13
\BOOKMARK [1][-]{section.1.5}{\376\377\000R\000e\000s\000u\000m\000e\000n\000\040\000d\000e\000\040\000C\000a\000l\000e\000n\000d\000a\000r\000i\000z\000a\000c\000i\000\363\000n\000\040\000y\000\040\000P\000r\000e\000s\000u\000p\000u\000e\000s\000t\000o}{chapter.1}% 14
\BOOKMARK [1][-]{section.1.6}{\376\377\000E\000v\000o\000l\000u\000c\000i\000\363\000n\000\040\000d\000e\000l\000\040\000P\000l\000a\000n}{chapter.1}% 15
\BOOKMARK [0][-]{chapter.2}{\376\377\000G\000l\000o\000s\000a\000r\000i\000o}{}% 16
\BOOKMARK [0][-]{chapter.3}{\376\377\000C\000o\000n\000t\000e\000x\000t\000o\000\040\000d\000e\000l\000\040\000p\000r\000o\000y\000e\000c\000t\000o}{}% 17
\BOOKMARK [1][-]{section.3.1}{\376\377\000M\000o\000d\000e\000l\000o\000\040\000d\000e\000\040\000C\000i\000c\000l\000o\000\040\000d\000e\000\040\000V\000i\000d\000a}{chapter.3}% 18
\BOOKMARK [2][-]{subsection.3.1.1}{\376\377\000A\000n\000\341\000l\000i\000s\000i\000s\000\040\000d\000e\000\040\000A\000l\000t\000e\000r\000n\000a\000t\000i\000v\000a\000s\000\040\000y\000\040\000J\000u\000s\000t\000i\000f\000i\000c\000a\000c\000i\000\363\000n}{section.3.1}% 19
\BOOKMARK [1][-]{section.3.2}{\376\377\000A\000n\000\341\000l\000i\000s\000i\000s\000\040\000d\000e\000\040\000A\000l\000t\000e\000r\000n\000a\000t\000i\000v\000a\000s\000\040\000T\000e\000c\000n\000o\000l\000\363\000g\000i\000c\000a\000s}{chapter.3}% 20
\BOOKMARK [2][-]{subsection.3.2.1}{\376\377\000H\000e\000r\000r\000a\000m\000i\000e\000n\000t\000a\000s\000\040\000d\000e\000\040\000W\000e\000b\000\040\000S\000c\000r\000a\000p\000i\000n\000g}{section.3.2}% 21
\BOOKMARK [2][-]{subsection.3.2.2}{\376\377\000S\000i\000s\000t\000e\000m\000a\000s\000\040\000d\000e\000\040\000G\000e\000s\000t\000i\000\363\000n\000\040\000d\000e\000\040\000B\000a\000s\000e\000s\000\040\000d\000e\000\040\000D\000a\000t\000o\000s}{section.3.2}% 22
\BOOKMARK [2][-]{subsection.3.2.3}{\376\377\000B\000i\000b\000l\000i\000o\000t\000e\000c\000a\000s\000\040\000d\000e\000\040\000P\000r\000o\000c\000e\000s\000a\000m\000i\000e\000n\000t\000o\000\040\000d\000e\000\040\000L\000e\000n\000g\000u\000a\000j\000e\000\040\000N\000a\000t\000u\000r\000a\000l\000\040\000\050\000N\000L\000P\000\051}{section.3.2}% 23
\BOOKMARK [2][-]{subsection.3.2.4}{\376\377\000M\000o\000d\000e\000l\000o\000s\000\040\000d\000e\000\040\000E\000m\000b\000e\000d\000d\000i\000n\000g\000s\000\040\000S\000e\000m\000\341\000n\000t\000i\000c\000o\000s}{section.3.2}% 24
\BOOKMARK [1][-]{section.3.3}{\376\377\000L\000e\000n\000g\000u\000a\000j\000e\000s\000\040\000y\000\040\000H\000e\000r\000r\000a\000m\000i\000e\000n\000t\000a\000s}{chapter.3}% 25
\BOOKMARK [2][-]{subsection.3.3.1}{\376\377\000S\000t\000a\000c\000k\000\040\000T\000e\000c\000n\000o\000l\000\363\000g\000i\000c\000o\000\040\000P\000r\000i\000n\000c\000i\000p\000a\000l}{section.3.3}% 26
\BOOKMARK [2][-]{subsection.3.3.2}{\376\377\000H\000e\000r\000r\000a\000m\000i\000e\000n\000t\000a\000s\000\040\000d\000e\000\040\000A\000n\000\341\000l\000i\000s\000i\000s\000\040\000y\000\040\000V\000i\000s\000u\000a\000l\000i\000z\000a\000c\000i\000\363\000n}{section.3.3}% 27
\BOOKMARK [2][-]{subsection.3.3.3}{\376\377\000I\000n\000f\000r\000a\000e\000s\000t\000r\000u\000c\000t\000u\000r\000a\000\040\000d\000e\000\040\000D\000e\000s\000a\000r\000r\000o\000l\000l\000o\000\040\000y\000\040\000D\000o\000c\000u\000m\000e\000n\000t\000a\000c\000i\000\363\000n}{section.3.3}% 28
\BOOKMARK [1][-]{section.3.4}{\376\377\000P\000l\000a\000n\000\040\000d\000e\000\040\000A\000c\000e\000p\000t\000a\000c\000i\000\363\000n\000\040\000d\000e\000l\000\040\000P\000r\000o\000d\000u\000c\000t\000o}{chapter.3}% 29
\BOOKMARK [2][-]{subsection.3.4.1}{\376\377\000D\000i\000s\000e\000\361\000o\000\040\000t\000\351\000c\000n\000i\000c\000o\000\040\000y\000\040\000a\000r\000q\000u\000i\000t\000e\000c\000t\000u\000r\000a}{section.3.4}% 30
\BOOKMARK [2][-]{subsection.3.4.2}{\376\377\000S\000i\000s\000t\000e\000m\000a\000\040\000d\000e\000\040\000e\000x\000t\000r\000a\000c\000c\000i\000\363\000n\000\040\000\050\000s\000c\000r\000a\000p\000i\000n\000g\000\051\000\040\000y\000\040\000c\000a\000r\000g\000a\000\040\000a\000\040\000b\000a\000s\000e\000\040\000d\000e\000\040\000d\000a\000t\000o\000s}{section.3.4}% 31
\BOOKMARK [2][-]{subsection.3.4.3}{\376\377\000E\000x\000t\000r\000a\000c\000c\000i\000\363\000n\000\040\000d\000e\000\040\000h\000a\000b\000i\000l\000i\000d\000a\000d\000e\000s\000\040\000e\000x\000p\000l\000\355\000c\000i\000t\000a\000s\000\040\000\050\000N\000E\000R\000\040\000y\000\040\000r\000e\000g\000e\000x\000\051}{section.3.4}% 32
\BOOKMARK [2][-]{subsection.3.4.4}{\376\377\000E\000n\000r\000i\000q\000u\000e\000c\000i\000m\000i\000e\000n\000t\000o\000\040\000s\000e\000m\000\341\000n\000t\000i\000c\000o\000\040\000c\000o\000n\000\040\000L\000L\000M\000s}{section.3.4}% 33
\BOOKMARK [2][-]{subsection.3.4.5}{\376\377\000E\000m\000b\000e\000d\000d\000i\000n\000g\000s\000\040\000y\000\040\000c\000l\000u\000s\000t\000e\000r\000i\000n\000g}{section.3.4}% 34
\BOOKMARK [2][-]{subsection.3.4.6}{\376\377\000V\000i\000s\000u\000a\000l\000i\000z\000a\000c\000i\000\363\000n\000\040\000m\000a\000c\000r\000o}{section.3.4}% 35
\BOOKMARK [2][-]{subsection.3.4.7}{\376\377\000D\000o\000c\000u\000m\000e\000n\000t\000a\000c\000i\000\363\000n\000\040\000t\000\351\000c\000n\000i\000c\000a\000\040\000y\000\040\000g\000u\000\355\000a\000\040\000m\000e\000t\000o\000d\000o\000l\000\363\000g\000i\000c\000a}{section.3.4}% 36
\BOOKMARK [1][-]{section.3.5}{\376\377\000O\000r\000g\000a\000n\000i\000z\000a\000c\000i\000\363\000n\000\040\000d\000e\000l\000\040\000P\000r\000o\000y\000e\000c\000t\000o\000\040\000y\000\040\000C\000o\000m\000u\000n\000i\000c\000a\000c\000i\000\363\000n}{chapter.3}% 37
\BOOKMARK [2][-]{subsection.3.5.1}{\376\377\000I\000n\000t\000e\000r\000f\000a\000c\000e\000s\000\040\000E\000x\000t\000e\000r\000n\000a\000s}{section.3.5}% 38
\BOOKMARK [2][-]{subsection.3.5.2}{\376\377\000O\000r\000g\000a\000n\000i\000g\000r\000a\000m\000a\000\040\000y\000\040\000D\000e\000s\000c\000r\000i\000p\000c\000i\000\363\000n\000\040\000d\000e\000\040\000R\000o\000l\000e\000s}{section.3.5}% 39
\BOOKMARK [0][-]{chapter.4}{\376\377\000A\000d\000m\000i\000n\000i\000s\000t\000r\000a\000c\000i\000\363\000n\000\040\000d\000e\000l\000\040\000P\000r\000o\000y\000e\000c\000t\000o}{}% 40
\BOOKMARK [1][-]{section.4.1}{\376\377\000M\000\351\000t\000o\000d\000o\000s\000\040\000y\000\040\000H\000e\000r\000r\000a\000m\000i\000e\000n\000t\000a\000s\000\040\000d\000e\000\040\000E\000s\000t\000i\000m\000a\000c\000i\000\363\000n}{chapter.4}% 41
\BOOKMARK [2][-]{subsection.4.1.1}{\376\377\000M\000\351\000t\000o\000d\000o\000\040\000d\000e\000\040\000E\000s\000t\000i\000m\000a\000c\000i\000\363\000n\000\040\000d\000e\000l\000\040\000P\000r\000o\000y\000e\000c\000t\000o}{section.4.1}% 42
\BOOKMARK [1][-]{section.4.2}{\376\377\000I\000n\000i\000c\000i\000o\000\040\000d\000e\000l\000\040\000p\000r\000o\000y\000e\000c\000t\000o}{chapter.4}% 43
\BOOKMARK [2][-]{subsection.4.2.1}{\376\377\000E\000n\000t\000r\000e\000n\000a\000m\000i\000e\000n\000t\000o\000\040\000d\000e\000l\000\040\000P\000e\000r\000s\000o\000n\000a\000l}{section.4.2}% 44
\BOOKMARK [2][-]{subsection.4.2.2}{\376\377\000I\000n\000f\000r\000a\000e\000s\000t\000r\000u\000c\000t\000u\000r\000a}{section.4.2}% 45
\BOOKMARK [1][-]{section.4.3}{\376\377\000P\000l\000a\000n\000e\000s\000\040\000d\000e\000\040\000T\000r\000a\000b\000a\000j\000o\000\040\000d\000e\000l\000\040\000P\000r\000o\000y\000e\000c\000t\000o}{chapter.4}% 46
\BOOKMARK [2][-]{subsection.4.3.1}{\376\377\000D\000e\000s\000c\000o\000m\000p\000o\000s\000i\000c\000i\000\363\000n\000\040\000d\000e\000\040\000A\000c\000t\000i\000v\000i\000d\000a\000d\000e\000s}{section.4.3}% 47
\BOOKMARK [2][-]{subsection.4.3.2}{\376\377\000C\000a\000l\000e\000n\000d\000a\000r\000i\000z\000a\000c\000i\000\363\000n}{section.4.3}% 48
\BOOKMARK [2][-]{subsection.4.3.3}{\376\377\000A\000s\000i\000g\000n\000a\000c\000i\000\363\000n\000\040\000d\000e\000\040\000R\000e\000c\000u\000r\000s\000o\000s}{section.4.3}% 49
\BOOKMARK [2][-]{subsection.4.3.4}{\376\377\000A\000s\000i\000g\000n\000a\000c\000i\000\363\000n\000\040\000d\000e\000\040\000P\000r\000e\000s\000u\000p\000u\000e\000s\000t\000o\000\040\000y\000\040\000J\000u\000s\000t\000i\000f\000i\000c\000a\000c\000i\000\363\000n}{section.4.3}% 50
\BOOKMARK [0][-]{chapter.5}{\376\377\000M\000o\000n\000i\000t\000o\000r\000e\000o\000\040\000y\000\040\000C\000o\000n\000t\000r\000o\000l\000\040\000d\000e\000l\000\040\000P\000r\000o\000y\000e\000c\000t\000o}{}% 51
\BOOKMARK [1][-]{section.5.1}{\376\377\000A\000d\000m\000i\000n\000i\000s\000t\000r\000a\000c\000i\000\363\000n\000\040\000d\000e\000\040\000R\000e\000q\000u\000e\000r\000i\000m\000i\000e\000n\000t\000o\000s}{chapter.5}% 52
\BOOKMARK [2][-]{subsection.5.1.1}{\376\377\000P\000r\000o\000c\000e\000s\000o\000\040\000d\000e\000\040\000G\000e\000s\000t\000i\000\363\000n\000\040\000d\000e\000\040\000C\000a\000m\000b\000i\000o\000s}{section.5.1}% 53
\BOOKMARK [2][-]{subsection.5.1.2}{\376\377\000T\000r\000a\000z\000a\000b\000i\000l\000i\000d\000a\000d\000\040\000d\000e\000\040\000R\000e\000q\000u\000e\000r\000i\000m\000i\000e\000n\000t\000o\000s}{section.5.1}% 54
\BOOKMARK [2][-]{subsection.5.1.3}{\376\377\000A\000p\000r\000o\000b\000a\000c\000i\000\363\000n\000\040\000y\000\040\000V\000a\000l\000i\000d\000a\000c\000i\000\363\000n\000\040\000d\000e\000\040\000C\000a\000m\000b\000i\000o\000s}{section.5.1}% 55
\BOOKMARK [1][-]{section.5.2}{\376\377\000M\000o\000n\000i\000t\000o\000r\000e\000o\000\040\000y\000\040\000C\000o\000n\000t\000r\000o\000l\000\040\000d\000e\000\040\000P\000r\000o\000g\000r\000e\000s\000o}{chapter.5}% 56
\BOOKMARK [2][-]{subsection.5.2.1}{\376\377\000M\000\351\000t\000r\000i\000c\000a\000s\000\040\000d\000e\000\040\000S\000e\000g\000u\000i\000m\000i\000e\000n\000t\000o}{section.5.2}% 57
\BOOKMARK [2][-]{subsection.5.2.2}{\376\377\000A\000c\000t\000i\000v\000i\000d\000a\000d\000e\000s\000\040\000d\000e\000\040\000R\000e\000p\000o\000r\000t\000e}{section.5.2}% 58
\BOOKMARK [2][-]{subsection.5.2.3}{\376\377\000A\000c\000c\000i\000o\000n\000e\000s\000\040\000C\000o\000r\000r\000e\000c\000t\000i\000v\000a\000s}{section.5.2}% 59
\BOOKMARK [1][-]{section.5.3}{\376\377\000C\000i\000e\000r\000r\000e\000\040\000d\000e\000l\000\040\000P\000r\000o\000y\000e\000c\000t\000o}{chapter.5}% 60
\BOOKMARK [2][-]{subsection.5.3.1}{\376\377\000E\000n\000t\000r\000e\000g\000a\000\040\000d\000e\000l\000\040\000P\000r\000o\000d\000u\000c\000t\000o}{section.5.3}% 61
\BOOKMARK [2][-]{subsection.5.3.2}{\376\377\000A\000c\000t\000i\000v\000i\000d\000a\000d\000e\000s\000\040\000d\000e\000\040\000C\000i\000e\000r\000r\000e}{section.5.3}% 62
\BOOKMARK [2][-]{subsection.5.3.3}{\376\377\000C\000r\000i\000t\000e\000r\000i\000o\000s\000\040\000d\000e\000\040\000A\000c\000e\000p\000t\000a\000c\000i\000\363\000n\000\040\000F\000i\000n\000a\000l}{section.5.3}% 63
\BOOKMARK [0][-]{chapter.6}{\376\377\000P\000r\000o\000c\000e\000s\000o\000s\000\040\000d\000e\000\040\000S\000o\000p\000o\000r\000t\000e}{}% 64
\BOOKMARK [1][-]{section.6.1}{\376\377\000G\000e\000s\000t\000i\000\363\000n\000\040\000d\000e\000\040\000l\000a\000\040\000C\000o\000n\000f\000i\000g\000u\000r\000a\000c\000i\000\363\000n}{chapter.6}% 65
\BOOKMARK [2][-]{subsection.6.1.1}{\376\377\000E\000l\000e\000m\000e\000n\000t\000o\000s\000\040\000d\000e\000\040\000C\000o\000n\000f\000i\000g\000u\000r\000a\000c\000i\000\363\000n}{section.6.1}% 66
\BOOKMARK [2][-]{subsection.6.1.2}{\376\377\000P\000r\000o\000c\000e\000s\000o\000\040\000d\000e\000\040\000C\000o\000n\000t\000r\000o\000l\000\040\000d\000e\000\040\000V\000e\000r\000s\000i\000o\000n\000e\000s}{section.6.1}% 67
\BOOKMARK [2][-]{subsection.6.1.3}{\376\377\000G\000e\000s\000t\000i\000\363\000n\000\040\000d\000e\000\040\000C\000a\000m\000b\000i\000o\000s\000\040\000e\000n\000\040\000l\000a\000\040\000C\000o\000n\000f\000i\000g\000u\000r\000a\000c\000i\000\363\000n}{section.6.1}% 68
\BOOKMARK [2][-]{subsection.6.1.4}{\376\377\000B\000a\000c\000k\000u\000p\000\040\000y\000\040\000R\000e\000c\000u\000p\000e\000r\000a\000c\000i\000\363\000n}{section.6.1}% 69
\BOOKMARK [1][-]{section.6.2}{\376\377\000A\000s\000e\000g\000u\000r\000a\000m\000i\000e\000n\000t\000o\000\040\000d\000e\000\040\000C\000a\000l\000i\000d\000a\000d}{chapter.6}% 70
\BOOKMARK [2][-]{subsection.6.2.1}{\376\377\000E\000s\000t\000\341\000n\000d\000a\000r\000e\000s\000\040\000d\000e\000\040\000C\000a\000l\000i\000d\000a\000d\000\040\000A\000p\000l\000i\000c\000a\000d\000o\000s}{section.6.2}% 71
\BOOKMARK [2][-]{subsection.6.2.2}{\376\377\000A\000c\000t\000i\000v\000i\000d\000a\000d\000e\000s\000\040\000d\000e\000\040\000V\000e\000r\000i\000f\000i\000c\000a\000c\000i\000\363\000n\000\040\000y\000\040\000V\000a\000l\000i\000d\000a\000c\000i\000\363\000n}{section.6.2}% 72
\BOOKMARK [2][-]{subsection.6.2.3}{\376\377\000R\000e\000v\000i\000s\000i\000\363\000n\000\040\000T\000\351\000c\000n\000i\000c\000a\000\040\000d\000e\000\040\000E\000n\000t\000r\000e\000g\000a\000b\000l\000e\000s}{section.6.2}% 73
\BOOKMARK [2][-]{subsection.6.2.4}{\376\377\000M\000\351\000t\000r\000i\000c\000a\000s\000\040\000d\000e\000\040\000C\000a\000l\000i\000d\000a\000d}{section.6.2}% 74
\BOOKMARK [1][-]{section.6.3}{\376\377\000G\000e\000s\000t\000i\000\363\000n\000\040\000d\000e\000\040\000R\000i\000e\000s\000g\000o\000s}{chapter.6}% 75
\BOOKMARK [2][-]{subsection.6.3.1}{\376\377\000I\000d\000e\000n\000t\000i\000f\000i\000c\000a\000c\000i\000\363\000n\000\040\000d\000e\000\040\000R\000i\000e\000s\000g\000o\000s}{section.6.3}% 76
\BOOKMARK [2][-]{subsection.6.3.2}{\376\377\000A\000n\000\341\000l\000i\000s\000i\000s\000\040\000d\000e\000\040\000R\000i\000e\000s\000g\000o\000s}{section.6.3}% 77
\BOOKMARK [2][-]{subsection.6.3.3}{\376\377\000E\000s\000t\000r\000a\000t\000e\000g\000i\000a\000s\000\040\000d\000e\000\040\000M\000i\000t\000i\000g\000a\000c\000i\000\363\000n}{section.6.3}% 78
\BOOKMARK [2][-]{subsection.6.3.4}{\376\377\000M\000o\000n\000i\000t\000o\000r\000e\000o\000\040\000d\000e\000\040\000R\000i\000e\000s\000g\000o\000s}{section.6.3}% 79
\BOOKMARK [2][-]{subsection.6.3.5}{\376\377\000R\000e\000s\000p\000o\000n\000s\000a\000b\000i\000l\000i\000d\000a\000d\000e\000s\000\040\000e\000n\000\040\000G\000e\000s\000t\000i\000\363\000n\000\040\000d\000e\000\040\000R\000i\000e\000s\000g\000o\000s}{section.6.3}% 80
\BOOKMARK [0][-]{chapter*.10}{\376\377\000B\000I\000B\000L\000I\000O\000G\000R\000A\000F\000\315\000A}{}% 81
